CRITICAL - 2024-06-17 00:04:02 --> Cannot use object of type stdClass as array
in APPPATH\Models\DetalleFacturasModel.php on line 106.
 1 APPPATH\Controllers\AdminController.php(480): App\Models\DetalleFacturasModel->productosCantidad([...])
 2 SYSTEMPATH\CodeIgniter.php(934): App\Controllers\AdminController->gestionCompras()
 3 SYSTEMPATH\CodeIgniter.php(499): CodeIgniter\CodeIgniter->runController(Object(App\Controllers\AdminController))
 4 SYSTEMPATH\CodeIgniter.php(368): CodeIgniter\CodeIgniter->handleRequest(null, Object(Config\Cache), false)
 5 FCPATH\index.php(67): CodeIgniter\CodeIgniter->run()
CRITICAL - 2024-06-17 00:04:16 --> Cannot use object of type stdClass as array
in APPPATH\Models\DetalleFacturasModel.php on line 106.
 1 APPPATH\Controllers\AdminController.php(480): App\Models\DetalleFacturasModel->productosCantidad([...])
 2 SYSTEMPATH\CodeIgniter.php(934): App\Controllers\AdminController->gestionCompras()
 3 SYSTEMPATH\CodeIgniter.php(499): CodeIgniter\CodeIgniter->runController(Object(App\Controllers\AdminController))
 4 SYSTEMPATH\CodeIgniter.php(368): CodeIgniter\CodeIgniter->handleRequest(null, Object(Config\Cache), false)
 5 FCPATH\index.php(67): CodeIgniter\CodeIgniter->run()
CRITICAL - 2024-06-17 00:04:35 --> Cannot use object of type stdClass as array
in APPPATH\Models\DetalleFacturasModel.php on line 106.
 1 APPPATH\Controllers\AdminController.php(480): App\Models\DetalleFacturasModel->productosCantidad([...])
 2 SYSTEMPATH\CodeIgniter.php(934): App\Controllers\AdminController->gestionCompras()
 3 SYSTEMPATH\CodeIgniter.php(499): CodeIgniter\CodeIgniter->runController(Object(App\Controllers\AdminController))
 4 SYSTEMPATH\CodeIgniter.php(368): CodeIgniter\CodeIgniter->handleRequest(null, Object(Config\Cache), false)
 5 FCPATH\index.php(67): CodeIgniter\CodeIgniter->run()
CRITICAL - 2024-06-17 03:31:28 --> count(): Argument #1 ($value) must be of type Countable|array, null given
in APPPATH\Controllers\AdminController.php on line 468.
 1 APPPATH\Controllers\AdminController.php(468): count(null)
 2 SYSTEMPATH\CodeIgniter.php(934): App\Controllers\AdminController->gestionCompras()
 3 SYSTEMPATH\CodeIgniter.php(499): CodeIgniter\CodeIgniter->runController(Object(App\Controllers\AdminController))
 4 SYSTEMPATH\CodeIgniter.php(368): CodeIgniter\CodeIgniter->handleRequest(null, Object(Config\Cache), false)
 5 FCPATH\index.php(67): CodeIgniter\CodeIgniter->run()
CRITICAL - 2024-06-17 04:28:38 --> syntax error, unexpected end of file
in APPPATH\Views\principal.php on line 107.
 1 SYSTEMPATH\View\View.php(216): CodeIgniter\View\View->CodeIgniter\View\{closure}()
 2 SYSTEMPATH\Common.php(1184): CodeIgniter\View\View->render('principal', [], true)
 3 APPPATH\Controllers\Home.php(20): view('principal', [...])
 4 SYSTEMPATH\CodeIgniter.php(934): App\Controllers\Home->index()
 5 SYSTEMPATH\CodeIgniter.php(499): CodeIgniter\CodeIgniter->runController(Object(App\Controllers\Home))
 6 SYSTEMPATH\CodeIgniter.php(368): CodeIgniter\CodeIgniter->handleRequest(null, Object(Config\Cache), false)
 7 FCPATH\index.php(67): CodeIgniter\CodeIgniter->run()
CRITICAL - 2024-06-17 04:28:57 --> Undefined variable $productos
in APPPATH\Views\principal.php on line 40.
 1 APPPATH\Views\principal.php(40): CodeIgniter\Debug\Exceptions->errorHandler(2, 'Undefined variable $productos', 'APPPATH\\Views\\principal.php', 40)
 2 SYSTEMPATH\View\View.php(213): include('APPPATH\\Views\\principal.php')
 3 SYSTEMPATH\View\View.php(216): CodeIgniter\View\View->CodeIgniter\View\{closure}()
 4 SYSTEMPATH\Common.php(1184): CodeIgniter\View\View->render('principal', [], true)
 5 APPPATH\Controllers\Home.php(20): view('principal', [...])
 6 SYSTEMPATH\CodeIgniter.php(934): App\Controllers\Home->index()
 7 SYSTEMPATH\CodeIgniter.php(499): CodeIgniter\CodeIgniter->runController(Object(App\Controllers\Home))
 8 SYSTEMPATH\CodeIgniter.php(368): CodeIgniter\CodeIgniter->handleRequest(null, Object(Config\Cache), false)
 9 FCPATH\index.php(67): CodeIgniter\CodeIgniter->run()
CRITICAL - 2024-06-17 04:29:08 --> Undefined variable $principales
in APPPATH\Views\principal.php on line 40.
 1 APPPATH\Views\principal.php(40): CodeIgniter\Debug\Exceptions->errorHandler(2, 'Undefined variable $principales', 'APPPATH\\Views\\principal.php', 40)
 2 SYSTEMPATH\View\View.php(213): include('APPPATH\\Views\\principal.php')
 3 SYSTEMPATH\View\View.php(216): CodeIgniter\View\View->CodeIgniter\View\{closure}()
 4 SYSTEMPATH\Common.php(1184): CodeIgniter\View\View->render('principal', [], true)
 5 APPPATH\Controllers\Home.php(20): view('principal', [...])
 6 SYSTEMPATH\CodeIgniter.php(934): App\Controllers\Home->index()
 7 SYSTEMPATH\CodeIgniter.php(499): CodeIgniter\CodeIgniter->runController(Object(App\Controllers\Home))
 8 SYSTEMPATH\CodeIgniter.php(368): CodeIgniter\CodeIgniter->handleRequest(null, Object(Config\Cache), false)
 9 FCPATH\index.php(67): CodeIgniter\CodeIgniter->run()
CRITICAL - 2024-06-17 04:29:26 --> Undefined variable $principales
in APPPATH\Views\principal.php on line 40.
 1 APPPATH\Views\principal.php(40): CodeIgniter\Debug\Exceptions->errorHandler(2, 'Undefined variable $principales', 'APPPATH\\Views\\principal.php', 40)
 2 SYSTEMPATH\View\View.php(213): include('APPPATH\\Views\\principal.php')
 3 SYSTEMPATH\View\View.php(216): CodeIgniter\View\View->CodeIgniter\View\{closure}()
 4 SYSTEMPATH\Common.php(1184): CodeIgniter\View\View->render('principal', [], true)
 5 APPPATH\Controllers\Home.php(20): view('principal', [...])
 6 SYSTEMPATH\CodeIgniter.php(934): App\Controllers\Home->index()
 7 SYSTEMPATH\CodeIgniter.php(499): CodeIgniter\CodeIgniter->runController(Object(App\Controllers\Home))
 8 SYSTEMPATH\CodeIgniter.php(368): CodeIgniter\CodeIgniter->handleRequest(null, Object(Config\Cache), false)
 9 FCPATH\index.php(67): CodeIgniter\CodeIgniter->run()
CRITICAL - 2024-06-17 04:44:54 --> Too few arguments to function CodeIgniter\HTTP\RedirectResponse::to(), 0 passed in C:\xampp\htdocs\proyecto_velozo\app\Filters\adminRequired.php on line 14 and at least 1 expected
in SYSTEMPATH\HTTP\RedirectResponse.php on line 32.
 1 APPPATH\Filters\adminRequired.php(14): CodeIgniter\HTTP\RedirectResponse->to()
 2 SYSTEMPATH\Filters\Filters.php(173): App\Filters\adminRequired->before(Object(CodeIgniter\HTTP\IncomingRequest), null)
 3 SYSTEMPATH\CodeIgniter.php(473): CodeIgniter\Filters\Filters->run('adminUsuarios', 'before')
 4 SYSTEMPATH\CodeIgniter.php(368): CodeIgniter\CodeIgniter->handleRequest(null, Object(Config\Cache), false)
 5 FCPATH\index.php(67): CodeIgniter\CodeIgniter->run()
CRITICAL - 2024-06-17 04:44:57 --> Too few arguments to function CodeIgniter\HTTP\RedirectResponse::to(), 0 passed in C:\xampp\htdocs\proyecto_velozo\app\Filters\adminRequired.php on line 14 and at least 1 expected
in SYSTEMPATH\HTTP\RedirectResponse.php on line 32.
 1 APPPATH\Filters\adminRequired.php(14): CodeIgniter\HTTP\RedirectResponse->to()
 2 SYSTEMPATH\Filters\Filters.php(173): App\Filters\adminRequired->before(Object(CodeIgniter\HTTP\IncomingRequest), null)
 3 SYSTEMPATH\CodeIgniter.php(473): CodeIgniter\Filters\Filters->run('adminUsuarios', 'before')
 4 SYSTEMPATH\CodeIgniter.php(368): CodeIgniter\CodeIgniter->handleRequest(null, Object(Config\Cache), false)
 5 FCPATH\index.php(67): CodeIgniter\CodeIgniter->run()
