CRITICAL - 2024-06-13 01:33:20 --> Undefined variable $seleccionado
in APPPATH\Views\catalogo.php on line 15.
 1 APPPATH\Views\catalogo.php(15): CodeIgniter\Debug\Exceptions->errorHandler(2, 'Undefined variable $seleccionado', 'APPPATH\\Views\\catalogo.php', 15)
 2 SYSTEMPATH\View\View.php(213): include('APPPATH\\Views\\catalogo.php')
 3 SYSTEMPATH\View\View.php(216): CodeIgniter\View\View->CodeIgniter\View\{closure}()
 4 SYSTEMPATH\Common.php(1184): CodeIgniter\View\View->render('catalogo', [], true)
 5 APPPATH\Controllers\CatalogoController.php(30): view('catalogo', [...])
 6 SYSTEMPATH\CodeIgniter.php(934): App\Controllers\CatalogoController->catalogo()
 7 SYSTEMPATH\CodeIgniter.php(499): CodeIgniter\CodeIgniter->runController(Object(App\Controllers\CatalogoController))
 8 SYSTEMPATH\CodeIgniter.php(368): CodeIgniter\CodeIgniter->handleRequest(null, Object(Config\Cache), false)
 9 FCPATH\index.php(67): CodeIgniter\CodeIgniter->run()
CRITICAL - 2024-06-13 01:33:45 --> Undefined variable $categorias
in APPPATH\Views\catalogo.php on line 20.
 1 APPPATH\Views\catalogo.php(20): CodeIgniter\Debug\Exceptions->errorHandler(2, 'Undefined variable $categorias', 'APPPATH\\Views\\catalogo.php', 20)
 2 SYSTEMPATH\View\View.php(213): include('APPPATH\\Views\\catalogo.php')
 3 SYSTEMPATH\View\View.php(216): CodeIgniter\View\View->CodeIgniter\View\{closure}()
 4 SYSTEMPATH\Common.php(1184): CodeIgniter\View\View->render('catalogo', [], true)
 5 APPPATH\Controllers\CatalogoController.php(31): view('catalogo', [...])
 6 SYSTEMPATH\CodeIgniter.php(934): App\Controllers\CatalogoController->catalogo()
 7 SYSTEMPATH\CodeIgniter.php(499): CodeIgniter\CodeIgniter->runController(Object(App\Controllers\CatalogoController))
 8 SYSTEMPATH\CodeIgniter.php(368): CodeIgniter\CodeIgniter->handleRequest(null, Object(Config\Cache), false)
 9 FCPATH\index.php(67): CodeIgniter\CodeIgniter->run()
CRITICAL - 2024-06-13 01:34:20 --> "bootstrap_pagination" is not a valid Pager template.
in SYSTEMPATH\Pager\Pager.php on line 120.
 1 SYSTEMPATH\Pager\Pager.php(120): CodeIgniter\Pager\Exceptions\PagerException::forInvalidTemplate('bootstrap_pagination')
 2 SYSTEMPATH\Pager\Pager.php(83): CodeIgniter\Pager\Pager->displayLinks('group1', 'bootstrap_pagination')
 3 APPPATH\Views\catalogo.php(46): CodeIgniter\Pager\Pager->links('group1', 'bootstrap_pagination')
 4 SYSTEMPATH\View\View.php(213): include('APPPATH\\Views\\catalogo.php')
 5 SYSTEMPATH\View\View.php(216): CodeIgniter\View\View->CodeIgniter\View\{closure}()
 6 SYSTEMPATH\Common.php(1184): CodeIgniter\View\View->render('catalogo', [], true)
 7 APPPATH\Controllers\CatalogoController.php(33): view('catalogo', [...])
 8 SYSTEMPATH\CodeIgniter.php(934): App\Controllers\CatalogoController->catalogo()
 9 SYSTEMPATH\CodeIgniter.php(499): CodeIgniter\CodeIgniter->runController(Object(App\Controllers\CatalogoController))
10 SYSTEMPATH\CodeIgniter.php(368): CodeIgniter\CodeIgniter->handleRequest(null, Object(Config\Cache), false)
11 FCPATH\index.php(67): CodeIgniter\CodeIgniter->run()
CRITICAL - 2024-06-13 01:35:59 --> "bootstrap_pagination" is not a valid Pager template.
in SYSTEMPATH\Pager\Pager.php on line 120.
 1 SYSTEMPATH\Pager\Pager.php(120): CodeIgniter\Pager\Exceptions\PagerException::forInvalidTemplate('bootstrap_pagination')
 2 SYSTEMPATH\Pager\Pager.php(83): CodeIgniter\Pager\Pager->displayLinks('group1', 'bootstrap_pagination')
 3 APPPATH\Views\catalogo.php(46): CodeIgniter\Pager\Pager->links('group1', 'bootstrap_pagination')
 4 SYSTEMPATH\View\View.php(213): include('APPPATH\\Views\\catalogo.php')
 5 SYSTEMPATH\View\View.php(216): CodeIgniter\View\View->CodeIgniter\View\{closure}()
 6 SYSTEMPATH\Common.php(1184): CodeIgniter\View\View->render('catalogo', [], true)
 7 APPPATH\Controllers\CatalogoController.php(33): view('catalogo', [...])
 8 SYSTEMPATH\CodeIgniter.php(934): App\Controllers\CatalogoController->catalogo()
 9 SYSTEMPATH\CodeIgniter.php(499): CodeIgniter\CodeIgniter->runController(Object(App\Controllers\CatalogoController))
10 SYSTEMPATH\CodeIgniter.php(368): CodeIgniter\CodeIgniter->handleRequest(null, Object(Config\Cache), false)
11 FCPATH\index.php(67): CodeIgniter\CodeIgniter->run()
CRITICAL - 2024-06-13 01:36:50 --> "pagination/bootstrap_pagination" is not a valid Pager template.
in SYSTEMPATH\Pager\Pager.php on line 120.
 1 SYSTEMPATH\Pager\Pager.php(120): CodeIgniter\Pager\Exceptions\PagerException::forInvalidTemplate('pagination/bootstrap_pagination')
 2 SYSTEMPATH\Pager\Pager.php(83): CodeIgniter\Pager\Pager->displayLinks('group1', 'pagination/bootstrap_pagination')
 3 APPPATH\Views\catalogo.php(46): CodeIgniter\Pager\Pager->links('group1', 'pagination/bootstrap_pagination')
 4 SYSTEMPATH\View\View.php(213): include('APPPATH\\Views\\catalogo.php')
 5 SYSTEMPATH\View\View.php(216): CodeIgniter\View\View->CodeIgniter\View\{closure}()
 6 SYSTEMPATH\Common.php(1184): CodeIgniter\View\View->render('catalogo', [], true)
 7 APPPATH\Controllers\CatalogoController.php(33): view('catalogo', [...])
 8 SYSTEMPATH\CodeIgniter.php(934): App\Controllers\CatalogoController->catalogo()
 9 SYSTEMPATH\CodeIgniter.php(499): CodeIgniter\CodeIgniter->runController(Object(App\Controllers\CatalogoController))
10 SYSTEMPATH\CodeIgniter.php(368): CodeIgniter\CodeIgniter->handleRequest(null, Object(Config\Cache), false)
11 FCPATH\index.php(67): CodeIgniter\CodeIgniter->run()
CRITICAL - 2024-06-13 01:37:36 --> "pagination/bootstrap_pagination" is not a valid Pager template.
in SYSTEMPATH\Pager\Pager.php on line 120.
 1 SYSTEMPATH\Pager\Pager.php(120): CodeIgniter\Pager\Exceptions\PagerException::forInvalidTemplate('pagination/bootstrap_pagination')
 2 SYSTEMPATH\Pager\Pager.php(83): CodeIgniter\Pager\Pager->displayLinks('group1', 'pagination/bootstrap_pagination')
 3 APPPATH\Views\catalogo.php(46): CodeIgniter\Pager\Pager->links('group1', 'pagination/bootstrap_pagination')
 4 SYSTEMPATH\View\View.php(213): include('APPPATH\\Views\\catalogo.php')
 5 SYSTEMPATH\View\View.php(216): CodeIgniter\View\View->CodeIgniter\View\{closure}()
 6 SYSTEMPATH\Common.php(1184): CodeIgniter\View\View->render('catalogo', [], true)
 7 APPPATH\Controllers\CatalogoController.php(33): view('catalogo', [...])
 8 SYSTEMPATH\CodeIgniter.php(934): App\Controllers\CatalogoController->catalogo()
 9 SYSTEMPATH\CodeIgniter.php(499): CodeIgniter\CodeIgniter->runController(Object(App\Controllers\CatalogoController))
10 SYSTEMPATH\CodeIgniter.php(368): CodeIgniter\CodeIgniter->handleRequest(null, Object(Config\Cache), false)
11 FCPATH\index.php(67): CodeIgniter\CodeIgniter->run()
CRITICAL - 2024-06-13 01:39:06 --> "pagination/bootstrap_pagination" is not a valid Pager template.
in SYSTEMPATH\Pager\Pager.php on line 120.
 1 SYSTEMPATH\Pager\Pager.php(120): CodeIgniter\Pager\Exceptions\PagerException::forInvalidTemplate('pagination/bootstrap_pagination')
 2 SYSTEMPATH\Pager\Pager.php(83): CodeIgniter\Pager\Pager->displayLinks('group1', 'pagination/bootstrap_pagination')
 3 APPPATH\Views\catalogo.php(46): CodeIgniter\Pager\Pager->links('group1', 'pagination/bootstrap_pagination')
 4 SYSTEMPATH\View\View.php(213): include('APPPATH\\Views\\catalogo.php')
 5 SYSTEMPATH\View\View.php(216): CodeIgniter\View\View->CodeIgniter\View\{closure}()
 6 SYSTEMPATH\Common.php(1184): CodeIgniter\View\View->render('catalogo', [], true)
 7 APPPATH\Controllers\CatalogoController.php(33): view('catalogo', [...])
 8 SYSTEMPATH\CodeIgniter.php(934): App\Controllers\CatalogoController->catalogo()
 9 SYSTEMPATH\CodeIgniter.php(499): CodeIgniter\CodeIgniter->runController(Object(App\Controllers\CatalogoController))
10 SYSTEMPATH\CodeIgniter.php(368): CodeIgniter\CodeIgniter->handleRequest(null, Object(Config\Cache), false)
11 FCPATH\index.php(67): CodeIgniter\CodeIgniter->run()
CRITICAL - 2024-06-13 01:40:34 --> "pagination/bootstrap_pagination" is not a valid Pager template.
in SYSTEMPATH\Pager\Pager.php on line 120.
 1 SYSTEMPATH\Pager\Pager.php(120): CodeIgniter\Pager\Exceptions\PagerException::forInvalidTemplate('pagination/bootstrap_pagination')
 2 SYSTEMPATH\Pager\Pager.php(83): CodeIgniter\Pager\Pager->displayLinks('group1', 'pagination/bootstrap_pagination')
 3 APPPATH\Views\catalogo.php(46): CodeIgniter\Pager\Pager->links('group1', 'pagination/bootstrap_pagination')
 4 SYSTEMPATH\View\View.php(213): include('APPPATH\\Views\\catalogo.php')
 5 SYSTEMPATH\View\View.php(216): CodeIgniter\View\View->CodeIgniter\View\{closure}()
 6 SYSTEMPATH\Common.php(1184): CodeIgniter\View\View->render('catalogo', [], true)
 7 APPPATH\Controllers\CatalogoController.php(33): view('catalogo', [...])
 8 SYSTEMPATH\CodeIgniter.php(934): App\Controllers\CatalogoController->catalogo()
 9 SYSTEMPATH\CodeIgniter.php(499): CodeIgniter\CodeIgniter->runController(Object(App\Controllers\CatalogoController))
10 SYSTEMPATH\CodeIgniter.php(368): CodeIgniter\CodeIgniter->handleRequest(null, Object(Config\Cache), false)
11 FCPATH\index.php(67): CodeIgniter\CodeIgniter->run()
CRITICAL - 2024-06-13 01:40:45 --> "pagination/bootstrap_pagination" is not a valid Pager template.
in SYSTEMPATH\Pager\Pager.php on line 120.
 1 SYSTEMPATH\Pager\Pager.php(120): CodeIgniter\Pager\Exceptions\PagerException::forInvalidTemplate('pagination/bootstrap_pagination')
 2 SYSTEMPATH\Pager\Pager.php(83): CodeIgniter\Pager\Pager->displayLinks('group1', 'pagination/bootstrap_pagination')
 3 APPPATH\Views\catalogo.php(46): CodeIgniter\Pager\Pager->links('group1', 'pagination/bootstrap_pagination')
 4 SYSTEMPATH\View\View.php(213): include('APPPATH\\Views\\catalogo.php')
 5 SYSTEMPATH\View\View.php(216): CodeIgniter\View\View->CodeIgniter\View\{closure}()
 6 SYSTEMPATH\Common.php(1184): CodeIgniter\View\View->render('catalogo', [], true)
 7 APPPATH\Controllers\CatalogoController.php(33): view('catalogo', [...])
 8 SYSTEMPATH\CodeIgniter.php(934): App\Controllers\CatalogoController->catalogo()
 9 SYSTEMPATH\CodeIgniter.php(499): CodeIgniter\CodeIgniter->runController(Object(App\Controllers\CatalogoController))
10 SYSTEMPATH\CodeIgniter.php(368): CodeIgniter\CodeIgniter->handleRequest(null, Object(Config\Cache), false)
11 FCPATH\index.php(67): CodeIgniter\CodeIgniter->run()
CRITICAL - 2024-06-13 01:42:15 --> "pagination/bootstrap_pagination" is not a valid Pager template.
in SYSTEMPATH\Pager\Pager.php on line 120.
 1 SYSTEMPATH\Pager\Pager.php(120): CodeIgniter\Pager\Exceptions\PagerException::forInvalidTemplate('pagination/bootstrap_pagination')
 2 SYSTEMPATH\Pager\Pager.php(83): CodeIgniter\Pager\Pager->displayLinks('group1', 'pagination/bootstrap_pagination')
 3 APPPATH\Views\catalogo.php(46): CodeIgniter\Pager\Pager->links('group1', 'pagination/bootstrap_pagination')
 4 SYSTEMPATH\View\View.php(213): include('APPPATH\\Views\\catalogo.php')
 5 SYSTEMPATH\View\View.php(216): CodeIgniter\View\View->CodeIgniter\View\{closure}()
 6 SYSTEMPATH\Common.php(1184): CodeIgniter\View\View->render('catalogo', [], true)
 7 APPPATH\Controllers\CatalogoController.php(33): view('catalogo', [...])
 8 SYSTEMPATH\CodeIgniter.php(934): App\Controllers\CatalogoController->catalogo()
 9 SYSTEMPATH\CodeIgniter.php(499): CodeIgniter\CodeIgniter->runController(Object(App\Controllers\CatalogoController))
10 SYSTEMPATH\CodeIgniter.php(368): CodeIgniter\CodeIgniter->handleRequest(null, Object(Config\Cache), false)
11 FCPATH\index.php(67): CodeIgniter\CodeIgniter->run()
CRITICAL - 2024-06-13 01:42:19 --> "pagination/bootstrap_pagination" is not a valid Pager template.
in SYSTEMPATH\Pager\Pager.php on line 120.
 1 SYSTEMPATH\Pager\Pager.php(120): CodeIgniter\Pager\Exceptions\PagerException::forInvalidTemplate('pagination/bootstrap_pagination')
 2 SYSTEMPATH\Pager\Pager.php(83): CodeIgniter\Pager\Pager->displayLinks('group1', 'pagination/bootstrap_pagination')
 3 APPPATH\Views\catalogo.php(46): CodeIgniter\Pager\Pager->links('group1', 'pagination/bootstrap_pagination')
 4 SYSTEMPATH\View\View.php(213): include('APPPATH\\Views\\catalogo.php')
 5 SYSTEMPATH\View\View.php(216): CodeIgniter\View\View->CodeIgniter\View\{closure}()
 6 SYSTEMPATH\Common.php(1184): CodeIgniter\View\View->render('catalogo', [], true)
 7 APPPATH\Controllers\CatalogoController.php(33): view('catalogo', [...])
 8 SYSTEMPATH\CodeIgniter.php(934): App\Controllers\CatalogoController->catalogo()
 9 SYSTEMPATH\CodeIgniter.php(499): CodeIgniter\CodeIgniter->runController(Object(App\Controllers\CatalogoController))
10 SYSTEMPATH\CodeIgniter.php(368): CodeIgniter\CodeIgniter->handleRequest(null, Object(Config\Cache), false)
11 FCPATH\index.php(67): CodeIgniter\CodeIgniter->run()
CRITICAL - 2024-06-13 01:42:22 --> "pagination/bootstrap_pagination" is not a valid Pager template.
in SYSTEMPATH\Pager\Pager.php on line 120.
 1 SYSTEMPATH\Pager\Pager.php(120): CodeIgniter\Pager\Exceptions\PagerException::forInvalidTemplate('pagination/bootstrap_pagination')
 2 SYSTEMPATH\Pager\Pager.php(83): CodeIgniter\Pager\Pager->displayLinks('group1', 'pagination/bootstrap_pagination')
 3 APPPATH\Views\catalogo.php(46): CodeIgniter\Pager\Pager->links('group1', 'pagination/bootstrap_pagination')
 4 SYSTEMPATH\View\View.php(213): include('APPPATH\\Views\\catalogo.php')
 5 SYSTEMPATH\View\View.php(216): CodeIgniter\View\View->CodeIgniter\View\{closure}()
 6 SYSTEMPATH\Common.php(1184): CodeIgniter\View\View->render('catalogo', [], true)
 7 APPPATH\Controllers\CatalogoController.php(33): view('catalogo', [...])
 8 SYSTEMPATH\CodeIgniter.php(934): App\Controllers\CatalogoController->catalogo()
 9 SYSTEMPATH\CodeIgniter.php(499): CodeIgniter\CodeIgniter->runController(Object(App\Controllers\CatalogoController))
10 SYSTEMPATH\CodeIgniter.php(368): CodeIgniter\CodeIgniter->handleRequest(null, Object(Config\Cache), false)
11 FCPATH\index.php(67): CodeIgniter\CodeIgniter->run()
CRITICAL - 2024-06-13 01:42:25 --> "pagination/bootstrap_pagination" is not a valid Pager template.
in SYSTEMPATH\Pager\Pager.php on line 120.
 1 SYSTEMPATH\Pager\Pager.php(120): CodeIgniter\Pager\Exceptions\PagerException::forInvalidTemplate('pagination/bootstrap_pagination')
 2 SYSTEMPATH\Pager\Pager.php(83): CodeIgniter\Pager\Pager->displayLinks('group1', 'pagination/bootstrap_pagination')
 3 APPPATH\Views\catalogo.php(46): CodeIgniter\Pager\Pager->links('group1', 'pagination/bootstrap_pagination')
 4 SYSTEMPATH\View\View.php(213): include('APPPATH\\Views\\catalogo.php')
 5 SYSTEMPATH\View\View.php(216): CodeIgniter\View\View->CodeIgniter\View\{closure}()
 6 SYSTEMPATH\Common.php(1184): CodeIgniter\View\View->render('catalogo', [], true)
 7 APPPATH\Controllers\CatalogoController.php(33): view('catalogo', [...])
 8 SYSTEMPATH\CodeIgniter.php(934): App\Controllers\CatalogoController->catalogo()
 9 SYSTEMPATH\CodeIgniter.php(499): CodeIgniter\CodeIgniter->runController(Object(App\Controllers\CatalogoController))
10 SYSTEMPATH\CodeIgniter.php(368): CodeIgniter\CodeIgniter->handleRequest(null, Object(Config\Cache), false)
11 FCPATH\index.php(67): CodeIgniter\CodeIgniter->run()
CRITICAL - 2024-06-13 01:42:57 --> "pagination/bootstrap_pagination.php" is not a valid Pager template.
in SYSTEMPATH\Pager\Pager.php on line 120.
 1 SYSTEMPATH\Pager\Pager.php(120): CodeIgniter\Pager\Exceptions\PagerException::forInvalidTemplate('pagination/bootstrap_pagination.php')
 2 SYSTEMPATH\Pager\Pager.php(83): CodeIgniter\Pager\Pager->displayLinks('group1', 'pagination/bootstrap_pagination.php')
 3 APPPATH\Views\catalogo.php(46): CodeIgniter\Pager\Pager->links('group1', 'pagination/bootstrap_pagination.php')
 4 SYSTEMPATH\View\View.php(213): include('APPPATH\\Views\\catalogo.php')
 5 SYSTEMPATH\View\View.php(216): CodeIgniter\View\View->CodeIgniter\View\{closure}()
 6 SYSTEMPATH\Common.php(1184): CodeIgniter\View\View->render('catalogo', [], true)
 7 APPPATH\Controllers\CatalogoController.php(33): view('catalogo', [...])
 8 SYSTEMPATH\CodeIgniter.php(934): App\Controllers\CatalogoController->catalogo()
 9 SYSTEMPATH\CodeIgniter.php(499): CodeIgniter\CodeIgniter->runController(Object(App\Controllers\CatalogoController))
10 SYSTEMPATH\CodeIgniter.php(368): CodeIgniter\CodeIgniter->handleRequest(null, Object(Config\Cache), false)
11 FCPATH\index.php(67): CodeIgniter\CodeIgniter->run()
CRITICAL - 2024-06-13 01:43:02 --> "pagination/bootstrap_pagination" is not a valid Pager template.
in SYSTEMPATH\Pager\Pager.php on line 120.
 1 SYSTEMPATH\Pager\Pager.php(120): CodeIgniter\Pager\Exceptions\PagerException::forInvalidTemplate('pagination/bootstrap_pagination')
 2 SYSTEMPATH\Pager\Pager.php(83): CodeIgniter\Pager\Pager->displayLinks('group1', 'pagination/bootstrap_pagination')
 3 APPPATH\Views\catalogo.php(46): CodeIgniter\Pager\Pager->links('group1', 'pagination/bootstrap_pagination')
 4 SYSTEMPATH\View\View.php(213): include('APPPATH\\Views\\catalogo.php')
 5 SYSTEMPATH\View\View.php(216): CodeIgniter\View\View->CodeIgniter\View\{closure}()
 6 SYSTEMPATH\Common.php(1184): CodeIgniter\View\View->render('catalogo', [], true)
 7 APPPATH\Controllers\CatalogoController.php(33): view('catalogo', [...])
 8 SYSTEMPATH\CodeIgniter.php(934): App\Controllers\CatalogoController->catalogo()
 9 SYSTEMPATH\CodeIgniter.php(499): CodeIgniter\CodeIgniter->runController(Object(App\Controllers\CatalogoController))
10 SYSTEMPATH\CodeIgniter.php(368): CodeIgniter\CodeIgniter->handleRequest(null, Object(Config\Cache), false)
11 FCPATH\index.php(67): CodeIgniter\CodeIgniter->run()
CRITICAL - 2024-06-13 01:44:19 --> "pagination/bootstrap_pagination" is not a valid Pager template.
in SYSTEMPATH\Pager\Pager.php on line 120.
 1 SYSTEMPATH\Pager\Pager.php(120): CodeIgniter\Pager\Exceptions\PagerException::forInvalidTemplate('pagination/bootstrap_pagination')
 2 SYSTEMPATH\Pager\Pager.php(83): CodeIgniter\Pager\Pager->displayLinks('group1', 'pagination/bootstrap_pagination')
 3 APPPATH\Views\catalogo.php(46): CodeIgniter\Pager\Pager->links('group1', 'pagination/bootstrap_pagination')
 4 SYSTEMPATH\View\View.php(213): include('APPPATH\\Views\\catalogo.php')
 5 SYSTEMPATH\View\View.php(216): CodeIgniter\View\View->CodeIgniter\View\{closure}()
 6 SYSTEMPATH\Common.php(1184): CodeIgniter\View\View->render('catalogo', [], true)
 7 APPPATH\Controllers\CatalogoController.php(33): view('catalogo', [...])
 8 SYSTEMPATH\CodeIgniter.php(934): App\Controllers\CatalogoController->catalogo()
 9 SYSTEMPATH\CodeIgniter.php(499): CodeIgniter\CodeIgniter->runController(Object(App\Controllers\CatalogoController))
10 SYSTEMPATH\CodeIgniter.php(368): CodeIgniter\CodeIgniter->handleRequest(null, Object(Config\Cache), false)
11 FCPATH\index.php(67): CodeIgniter\CodeIgniter->run()
CRITICAL - 2024-06-13 01:44:26 --> "pagination/bootstrap_pagination" is not a valid Pager template.
in SYSTEMPATH\Pager\Pager.php on line 120.
 1 SYSTEMPATH\Pager\Pager.php(120): CodeIgniter\Pager\Exceptions\PagerException::forInvalidTemplate('pagination/bootstrap_pagination')
 2 SYSTEMPATH\Pager\Pager.php(83): CodeIgniter\Pager\Pager->displayLinks('group1', 'pagination/bootstrap_pagination')
 3 APPPATH\Views\catalogo.php(46): CodeIgniter\Pager\Pager->links('group1', 'pagination/bootstrap_pagination')
 4 SYSTEMPATH\View\View.php(213): include('APPPATH\\Views\\catalogo.php')
 5 SYSTEMPATH\View\View.php(216): CodeIgniter\View\View->CodeIgniter\View\{closure}()
 6 SYSTEMPATH\Common.php(1184): CodeIgniter\View\View->render('catalogo', [], true)
 7 APPPATH\Controllers\CatalogoController.php(33): view('catalogo', [...])
 8 SYSTEMPATH\CodeIgniter.php(934): App\Controllers\CatalogoController->catalogo()
 9 SYSTEMPATH\CodeIgniter.php(499): CodeIgniter\CodeIgniter->runController(Object(App\Controllers\CatalogoController))
10 SYSTEMPATH\CodeIgniter.php(368): CodeIgniter\CodeIgniter->handleRequest(null, Object(Config\Cache), false)
11 FCPATH\index.php(67): CodeIgniter\CodeIgniter->run()
CRITICAL - 2024-06-13 01:44:36 --> "pagination/bootstrap_pagination" is not a valid Pager template.
in SYSTEMPATH\Pager\Pager.php on line 120.
 1 SYSTEMPATH\Pager\Pager.php(120): CodeIgniter\Pager\Exceptions\PagerException::forInvalidTemplate('pagination/bootstrap_pagination')
 2 SYSTEMPATH\Pager\Pager.php(83): CodeIgniter\Pager\Pager->displayLinks('group1', 'pagination/bootstrap_pagination')
 3 APPPATH\Views\catalogo.php(46): CodeIgniter\Pager\Pager->links('group1', 'pagination/bootstrap_pagination')
 4 SYSTEMPATH\View\View.php(213): include('APPPATH\\Views\\catalogo.php')
 5 SYSTEMPATH\View\View.php(216): CodeIgniter\View\View->CodeIgniter\View\{closure}()
 6 SYSTEMPATH\Common.php(1184): CodeIgniter\View\View->render('catalogo', [], true)
 7 APPPATH\Controllers\CatalogoController.php(33): view('catalogo', [...])
 8 SYSTEMPATH\CodeIgniter.php(934): App\Controllers\CatalogoController->catalogo()
 9 SYSTEMPATH\CodeIgniter.php(499): CodeIgniter\CodeIgniter->runController(Object(App\Controllers\CatalogoController))
10 SYSTEMPATH\CodeIgniter.php(368): CodeIgniter\CodeIgniter->handleRequest(null, Object(Config\Cache), false)
11 FCPATH\index.php(67): CodeIgniter\CodeIgniter->run()
CRITICAL - 2024-06-13 01:44:39 --> "pagination/bootstrap_pagination" is not a valid Pager template.
in SYSTEMPATH\Pager\Pager.php on line 120.
 1 SYSTEMPATH\Pager\Pager.php(120): CodeIgniter\Pager\Exceptions\PagerException::forInvalidTemplate('pagination/bootstrap_pagination')
 2 SYSTEMPATH\Pager\Pager.php(83): CodeIgniter\Pager\Pager->displayLinks('group1', 'pagination/bootstrap_pagination')
 3 APPPATH\Views\catalogo.php(46): CodeIgniter\Pager\Pager->links('group1', 'pagination/bootstrap_pagination')
 4 SYSTEMPATH\View\View.php(213): include('APPPATH\\Views\\catalogo.php')
 5 SYSTEMPATH\View\View.php(216): CodeIgniter\View\View->CodeIgniter\View\{closure}()
 6 SYSTEMPATH\Common.php(1184): CodeIgniter\View\View->render('catalogo', [], true)
 7 APPPATH\Controllers\CatalogoController.php(33): view('catalogo', [...])
 8 SYSTEMPATH\CodeIgniter.php(934): App\Controllers\CatalogoController->catalogo()
 9 SYSTEMPATH\CodeIgniter.php(499): CodeIgniter\CodeIgniter->runController(Object(App\Controllers\CatalogoController))
10 SYSTEMPATH\CodeIgniter.php(368): CodeIgniter\CodeIgniter->handleRequest(null, Object(Config\Cache), false)
11 FCPATH\index.php(67): CodeIgniter\CodeIgniter->run()
CRITICAL - 2024-06-13 01:44:44 --> "pagination/bootstrap_pagination" is not a valid Pager template.
in SYSTEMPATH\Pager\Pager.php on line 120.
 1 SYSTEMPATH\Pager\Pager.php(120): CodeIgniter\Pager\Exceptions\PagerException::forInvalidTemplate('pagination/bootstrap_pagination')
 2 SYSTEMPATH\Pager\Pager.php(83): CodeIgniter\Pager\Pager->displayLinks('group1', 'pagination/bootstrap_pagination')
 3 APPPATH\Views\catalogo.php(46): CodeIgniter\Pager\Pager->links('group1', 'pagination/bootstrap_pagination')
 4 SYSTEMPATH\View\View.php(213): include('APPPATH\\Views\\catalogo.php')
 5 SYSTEMPATH\View\View.php(216): CodeIgniter\View\View->CodeIgniter\View\{closure}()
 6 SYSTEMPATH\Common.php(1184): CodeIgniter\View\View->render('catalogo', [], true)
 7 APPPATH\Controllers\CatalogoController.php(33): view('catalogo', [...])
 8 SYSTEMPATH\CodeIgniter.php(934): App\Controllers\CatalogoController->catalogo()
 9 SYSTEMPATH\CodeIgniter.php(499): CodeIgniter\CodeIgniter->runController(Object(App\Controllers\CatalogoController))
10 SYSTEMPATH\CodeIgniter.php(368): CodeIgniter\CodeIgniter->handleRequest(null, Object(Config\Cache), false)
11 FCPATH\index.php(67): CodeIgniter\CodeIgniter->run()
CRITICAL - 2024-06-13 01:44:49 --> "pagination/bootstrap_pagination" is not a valid Pager template.
in SYSTEMPATH\Pager\Pager.php on line 120.
 1 SYSTEMPATH\Pager\Pager.php(120): CodeIgniter\Pager\Exceptions\PagerException::forInvalidTemplate('pagination/bootstrap_pagination')
 2 SYSTEMPATH\Pager\Pager.php(83): CodeIgniter\Pager\Pager->displayLinks('group1', 'pagination/bootstrap_pagination')
 3 APPPATH\Views\catalogo.php(46): CodeIgniter\Pager\Pager->links('group1', 'pagination/bootstrap_pagination')
 4 SYSTEMPATH\View\View.php(213): include('APPPATH\\Views\\catalogo.php')
 5 SYSTEMPATH\View\View.php(216): CodeIgniter\View\View->CodeIgniter\View\{closure}()
 6 SYSTEMPATH\Common.php(1184): CodeIgniter\View\View->render('catalogo', [], true)
 7 APPPATH\Controllers\CatalogoController.php(33): view('catalogo', [...])
 8 SYSTEMPATH\CodeIgniter.php(934): App\Controllers\CatalogoController->catalogo()
 9 SYSTEMPATH\CodeIgniter.php(499): CodeIgniter\CodeIgniter->runController(Object(App\Controllers\CatalogoController))
10 SYSTEMPATH\CodeIgniter.php(368): CodeIgniter\CodeIgniter->handleRequest(null, Object(Config\Cache), false)
11 FCPATH\index.php(67): CodeIgniter\CodeIgniter->run()
CRITICAL - 2024-06-13 01:44:51 --> "pagination/bootstrap_pagination" is not a valid Pager template.
in SYSTEMPATH\Pager\Pager.php on line 120.
 1 SYSTEMPATH\Pager\Pager.php(120): CodeIgniter\Pager\Exceptions\PagerException::forInvalidTemplate('pagination/bootstrap_pagination')
 2 SYSTEMPATH\Pager\Pager.php(83): CodeIgniter\Pager\Pager->displayLinks('group1', 'pagination/bootstrap_pagination')
 3 APPPATH\Views\catalogo.php(46): CodeIgniter\Pager\Pager->links('group1', 'pagination/bootstrap_pagination')
 4 SYSTEMPATH\View\View.php(213): include('APPPATH\\Views\\catalogo.php')
 5 SYSTEMPATH\View\View.php(216): CodeIgniter\View\View->CodeIgniter\View\{closure}()
 6 SYSTEMPATH\Common.php(1184): CodeIgniter\View\View->render('catalogo', [], true)
 7 APPPATH\Controllers\CatalogoController.php(33): view('catalogo', [...])
 8 SYSTEMPATH\CodeIgniter.php(934): App\Controllers\CatalogoController->catalogo()
 9 SYSTEMPATH\CodeIgniter.php(499): CodeIgniter\CodeIgniter->runController(Object(App\Controllers\CatalogoController))
10 SYSTEMPATH\CodeIgniter.php(368): CodeIgniter\CodeIgniter->handleRequest(null, Object(Config\Cache), false)
11 FCPATH\index.php(67): CodeIgniter\CodeIgniter->run()
CRITICAL - 2024-06-13 01:44:54 --> "pagination/bootstrap_pagination" is not a valid Pager template.
in SYSTEMPATH\Pager\Pager.php on line 120.
 1 SYSTEMPATH\Pager\Pager.php(120): CodeIgniter\Pager\Exceptions\PagerException::forInvalidTemplate('pagination/bootstrap_pagination')
 2 SYSTEMPATH\Pager\Pager.php(83): CodeIgniter\Pager\Pager->displayLinks('group1', 'pagination/bootstrap_pagination')
 3 APPPATH\Views\catalogo.php(46): CodeIgniter\Pager\Pager->links('group1', 'pagination/bootstrap_pagination')
 4 SYSTEMPATH\View\View.php(213): include('APPPATH\\Views\\catalogo.php')
 5 SYSTEMPATH\View\View.php(216): CodeIgniter\View\View->CodeIgniter\View\{closure}()
 6 SYSTEMPATH\Common.php(1184): CodeIgniter\View\View->render('catalogo', [], true)
 7 APPPATH\Controllers\CatalogoController.php(33): view('catalogo', [...])
 8 SYSTEMPATH\CodeIgniter.php(934): App\Controllers\CatalogoController->catalogo()
 9 SYSTEMPATH\CodeIgniter.php(499): CodeIgniter\CodeIgniter->runController(Object(App\Controllers\CatalogoController))
10 SYSTEMPATH\CodeIgniter.php(368): CodeIgniter\CodeIgniter->handleRequest(null, Object(Config\Cache), false)
11 FCPATH\index.php(67): CodeIgniter\CodeIgniter->run()
CRITICAL - 2024-06-13 01:44:56 --> "pagination/bootstrap_pagination" is not a valid Pager template.
in SYSTEMPATH\Pager\Pager.php on line 120.
 1 SYSTEMPATH\Pager\Pager.php(120): CodeIgniter\Pager\Exceptions\PagerException::forInvalidTemplate('pagination/bootstrap_pagination')
 2 SYSTEMPATH\Pager\Pager.php(83): CodeIgniter\Pager\Pager->displayLinks('group1', 'pagination/bootstrap_pagination')
 3 APPPATH\Views\catalogo.php(46): CodeIgniter\Pager\Pager->links('group1', 'pagination/bootstrap_pagination')
 4 SYSTEMPATH\View\View.php(213): include('APPPATH\\Views\\catalogo.php')
 5 SYSTEMPATH\View\View.php(216): CodeIgniter\View\View->CodeIgniter\View\{closure}()
 6 SYSTEMPATH\Common.php(1184): CodeIgniter\View\View->render('catalogo', [], true)
 7 APPPATH\Controllers\CatalogoController.php(33): view('catalogo', [...])
 8 SYSTEMPATH\CodeIgniter.php(934): App\Controllers\CatalogoController->catalogo()
 9 SYSTEMPATH\CodeIgniter.php(499): CodeIgniter\CodeIgniter->runController(Object(App\Controllers\CatalogoController))
10 SYSTEMPATH\CodeIgniter.php(368): CodeIgniter\CodeIgniter->handleRequest(null, Object(Config\Cache), false)
11 FCPATH\index.php(67): CodeIgniter\CodeIgniter->run()
CRITICAL - 2024-06-13 01:45:07 --> "pagination/bootstrap_pagination" is not a valid Pager template.
in SYSTEMPATH\Pager\Pager.php on line 120.
 1 SYSTEMPATH\Pager\Pager.php(120): CodeIgniter\Pager\Exceptions\PagerException::forInvalidTemplate('pagination/bootstrap_pagination')
 2 SYSTEMPATH\Pager\Pager.php(83): CodeIgniter\Pager\Pager->displayLinks('group1', 'pagination/bootstrap_pagination')
 3 APPPATH\Views\catalogo.php(46): CodeIgniter\Pager\Pager->links('group1', 'pagination/bootstrap_pagination')
 4 SYSTEMPATH\View\View.php(213): include('APPPATH\\Views\\catalogo.php')
 5 SYSTEMPATH\View\View.php(216): CodeIgniter\View\View->CodeIgniter\View\{closure}()
 6 SYSTEMPATH\Common.php(1184): CodeIgniter\View\View->render('catalogo', [], true)
 7 APPPATH\Controllers\CatalogoController.php(33): view('catalogo', [...])
 8 SYSTEMPATH\CodeIgniter.php(934): App\Controllers\CatalogoController->catalogo()
 9 SYSTEMPATH\CodeIgniter.php(499): CodeIgniter\CodeIgniter->runController(Object(App\Controllers\CatalogoController))
10 SYSTEMPATH\CodeIgniter.php(368): CodeIgniter\CodeIgniter->handleRequest(null, Object(Config\Cache), false)
11 FCPATH\index.php(67): CodeIgniter\CodeIgniter->run()
CRITICAL - 2024-06-13 02:03:43 --> Invalid file: ".\Views\pagination\bootstrap_pagination.php"
in SYSTEMPATH\Exceptions\FrameworkException.php on line 33.
 1 SYSTEMPATH\View\View.php(201): CodeIgniter\Exceptions\FrameworkException::forInvalidFile('.\\Views\\pagination\\bootstrap_pagination.php')
 2 SYSTEMPATH\Pager\Pager.php(126): CodeIgniter\View\View->render('.\\Views\\pagination\\bootstrap_pagination', null, false)
 3 SYSTEMPATH\Pager\Pager.php(83): CodeIgniter\Pager\Pager->displayLinks('group1', 'bootstrap_pagination')
 4 APPPATH\Views\catalogo.php(46): CodeIgniter\Pager\Pager->links('group1', 'bootstrap_pagination')
 5 SYSTEMPATH\View\View.php(213): include('APPPATH\\Views\\catalogo.php')
 6 SYSTEMPATH\View\View.php(216): CodeIgniter\View\View->CodeIgniter\View\{closure}()
 7 SYSTEMPATH\Common.php(1184): CodeIgniter\View\View->render('catalogo', [], true)
 8 APPPATH\Controllers\CatalogoController.php(33): view('catalogo', [...])
 9 SYSTEMPATH\CodeIgniter.php(934): App\Controllers\CatalogoController->catalogo()
10 SYSTEMPATH\CodeIgniter.php(499): CodeIgniter\CodeIgniter->runController(Object(App\Controllers\CatalogoController))
11 SYSTEMPATH\CodeIgniter.php(368): CodeIgniter\CodeIgniter->handleRequest(null, Object(Config\Cache), false)
12 FCPATH\index.php(67): CodeIgniter\CodeIgniter->run()
CRITICAL - 2024-06-13 02:03:55 --> Invalid file: "app\Views\pagination\bootstrap_pagination.php"
in SYSTEMPATH\Exceptions\FrameworkException.php on line 33.
 1 SYSTEMPATH\View\View.php(201): CodeIgniter\Exceptions\FrameworkException::forInvalidFile('APPPATH\\Views\\pagination\\bootstrap_pagination.php')
 2 SYSTEMPATH\Pager\Pager.php(126): CodeIgniter\View\View->render('app\\Views\\pagination\\bootstrap_pagination', null, false)
 3 SYSTEMPATH\Pager\Pager.php(83): CodeIgniter\Pager\Pager->displayLinks('group1', 'bootstrap_pagination')
 4 APPPATH\Views\catalogo.php(46): CodeIgniter\Pager\Pager->links('group1', 'bootstrap_pagination')
 5 SYSTEMPATH\View\View.php(213): include('APPPATH\\Views\\catalogo.php')
 6 SYSTEMPATH\View\View.php(216): CodeIgniter\View\View->CodeIgniter\View\{closure}()
 7 SYSTEMPATH\Common.php(1184): CodeIgniter\View\View->render('catalogo', [], true)
 8 APPPATH\Controllers\CatalogoController.php(33): view('catalogo', [...])
 9 SYSTEMPATH\CodeIgniter.php(934): App\Controllers\CatalogoController->catalogo()
10 SYSTEMPATH\CodeIgniter.php(499): CodeIgniter\CodeIgniter->runController(Object(App\Controllers\CatalogoController))
11 SYSTEMPATH\CodeIgniter.php(368): CodeIgniter\CodeIgniter->handleRequest(null, Object(Config\Cache), false)
12 FCPATH\index.php(67): CodeIgniter\CodeIgniter->run()
CRITICAL - 2024-06-13 02:04:54 --> Invalid file: "app/Views/pagination/bootstrap_pagination.php"
in SYSTEMPATH\Exceptions\FrameworkException.php on line 33.
 1 SYSTEMPATH\View\View.php(201): CodeIgniter\Exceptions\FrameworkException::forInvalidFile('APPPATH\\Views\\pagination\\bootstrap_pagination.php')
 2 SYSTEMPATH\Pager\Pager.php(126): CodeIgniter\View\View->render('APPPATH\\Views\\pagination\\bootstrap_pagination.php', null, false)
 3 SYSTEMPATH\Pager\Pager.php(83): CodeIgniter\Pager\Pager->displayLinks('group1', 'bootstrap_pagination')
 4 APPPATH\Views\catalogo.php(46): CodeIgniter\Pager\Pager->links('group1', 'bootstrap_pagination')
 5 SYSTEMPATH\View\View.php(213): include('APPPATH\\Views\\catalogo.php')
 6 SYSTEMPATH\View\View.php(216): CodeIgniter\View\View->CodeIgniter\View\{closure}()
 7 SYSTEMPATH\Common.php(1184): CodeIgniter\View\View->render('catalogo', [], true)
 8 APPPATH\Controllers\CatalogoController.php(33): view('catalogo', [...])
 9 SYSTEMPATH\CodeIgniter.php(934): App\Controllers\CatalogoController->catalogo()
10 SYSTEMPATH\CodeIgniter.php(499): CodeIgniter\CodeIgniter->runController(Object(App\Controllers\CatalogoController))
11 SYSTEMPATH\CodeIgniter.php(368): CodeIgniter\CodeIgniter->handleRequest(null, Object(Config\Cache), false)
12 FCPATH\index.php(67): CodeIgniter\CodeIgniter->run()
CRITICAL - 2024-06-13 02:44:32 --> Undefined variable $pager
in APPPATH\Views\catalogo.php on line 46.
 1 APPPATH\Views\catalogo.php(46): CodeIgniter\Debug\Exceptions->errorHandler(2, 'Undefined variable $pager', 'APPPATH\\Views\\catalogo.php', 46)
 2 SYSTEMPATH\View\View.php(213): include('APPPATH\\Views\\catalogo.php')
 3 SYSTEMPATH\View\View.php(216): CodeIgniter\View\View->CodeIgniter\View\{closure}()
 4 SYSTEMPATH\Common.php(1184): CodeIgniter\View\View->render('catalogo', [], true)
 5 APPPATH\Controllers\CatalogoController.php(78): view('catalogo', [...])
 6 SYSTEMPATH\CodeIgniter.php(934): App\Controllers\CatalogoController->catalogoFiltrado()
 7 SYSTEMPATH\CodeIgniter.php(499): CodeIgniter\CodeIgniter->runController(Object(App\Controllers\CatalogoController))
 8 SYSTEMPATH\CodeIgniter.php(368): CodeIgniter\CodeIgniter->handleRequest(null, Object(Config\Cache), false)
 9 FCPATH\index.php(67): CodeIgniter\CodeIgniter->run()
CRITICAL - 2024-06-13 02:48:26 --> Undefined variable $pager
in APPPATH\Views\catalogo.php on line 46.
 1 APPPATH\Views\catalogo.php(46): CodeIgniter\Debug\Exceptions->errorHandler(2, 'Undefined variable $pager', 'APPPATH\\Views\\catalogo.php', 46)
 2 SYSTEMPATH\View\View.php(213): include('APPPATH\\Views\\catalogo.php')
 3 SYSTEMPATH\View\View.php(216): CodeIgniter\View\View->CodeIgniter\View\{closure}()
 4 SYSTEMPATH\Common.php(1184): CodeIgniter\View\View->render('catalogo', [], true)
 5 APPPATH\Controllers\CatalogoController.php(78): view('catalogo', [...])
 6 SYSTEMPATH\CodeIgniter.php(934): App\Controllers\CatalogoController->catalogoFiltrado()
 7 SYSTEMPATH\CodeIgniter.php(499): CodeIgniter\CodeIgniter->runController(Object(App\Controllers\CatalogoController))
 8 SYSTEMPATH\CodeIgniter.php(368): CodeIgniter\CodeIgniter->handleRequest(null, Object(Config\Cache), false)
 9 FCPATH\index.php(67): CodeIgniter\CodeIgniter->run()
CRITICAL - 2024-06-13 02:55:34 --> Object of class App\Models\ProductosModel could not be converted to string
in APPPATH\Controllers\CatalogoController.php on line 47.
 1 SYSTEMPATH\CodeIgniter.php(934): App\Controllers\CatalogoController->catalogoFiltrado()
 2 SYSTEMPATH\CodeIgniter.php(499): CodeIgniter\CodeIgniter->runController(Object(App\Controllers\CatalogoController))
 3 SYSTEMPATH\CodeIgniter.php(368): CodeIgniter\CodeIgniter->handleRequest(null, Object(Config\Cache), false)
 4 FCPATH\index.php(67): CodeIgniter\CodeIgniter->run()
