CRITICAL - 2024-06-15 17:34:07 --> Undefined variable $productos
in APPPATH\Views\Administracion\adminCompras.php on line 35.
 1 APPPATH\Views\Administracion\adminCompras.php(35): CodeIgniter\Debug\Exceptions->errorHandler(2, 'Undefined variable $productos', 'APPPATH\\Views\\Administracion\\adminCompras.php', 35)
 2 SYSTEMPATH\View\View.php(213): include('APPPATH\\Views\\Administracion\\adminCompras.php')
 3 SYSTEMPATH\View\View.php(216): CodeIgniter\View\View->CodeIgniter\View\{closure}()
 4 SYSTEMPATH\Common.php(1184): CodeIgniter\View\View->render('Administracion/adminCompras', [], true)
 5 APPPATH\Controllers\AdminController.php(331): view('Administracion/adminCompras')
 6 SYSTEMPATH\CodeIgniter.php(934): App\Controllers\AdminController->gestionCompras()
 7 SYSTEMPATH\CodeIgniter.php(499): CodeIgniter\CodeIgniter->runController(Object(App\Controllers\AdminController))
 8 SYSTEMPATH\CodeIgniter.php(368): CodeIgniter\CodeIgniter->handleRequest(null, Object(Config\Cache), false)
 9 FCPATH\index.php(67): CodeIgniter\CodeIgniter->run()
CRITICAL - 2024-06-15 17:34:10 --> Undefined variable $productos
in APPPATH\Views\Administracion\adminCompras.php on line 35.
 1 APPPATH\Views\Administracion\adminCompras.php(35): CodeIgniter\Debug\Exceptions->errorHandler(2, 'Undefined variable $productos', 'APPPATH\\Views\\Administracion\\adminCompras.php', 35)
 2 SYSTEMPATH\View\View.php(213): include('APPPATH\\Views\\Administracion\\adminCompras.php')
 3 SYSTEMPATH\View\View.php(216): CodeIgniter\View\View->CodeIgniter\View\{closure}()
 4 SYSTEMPATH\Common.php(1184): CodeIgniter\View\View->render('Administracion/adminCompras', [], true)
 5 APPPATH\Controllers\AdminController.php(331): view('Administracion/adminCompras')
 6 SYSTEMPATH\CodeIgniter.php(934): App\Controllers\AdminController->gestionCompras()
 7 SYSTEMPATH\CodeIgniter.php(499): CodeIgniter\CodeIgniter->runController(Object(App\Controllers\AdminController))
 8 SYSTEMPATH\CodeIgniter.php(368): CodeIgniter\CodeIgniter->handleRequest(null, Object(Config\Cache), false)
 9 FCPATH\index.php(67): CodeIgniter\CodeIgniter->run()
CRITICAL - 2024-06-15 17:41:01 --> syntax error, unexpected token "}", expecting ";"
in APPPATH\Controllers\AdminController.php on line 39.
 1 SYSTEMPATH\Autoloader\Autoloader.php(289): CodeIgniter\Autoloader\Autoloader->includeFile('APPPATH\\Controllers\\AdminController.php')
 2 SYSTEMPATH\Autoloader\Autoloader.php(267): CodeIgniter\Autoloader\Autoloader->loadInNamespace('App\\Controllers\\AdminController')
 3 [internal function]: CodeIgniter\Autoloader\Autoloader->loadClass('App\\Controllers\\AdminController')
 4 SYSTEMPATH\CodeIgniter.php(892): class_exists('\\App\\Controllers\\AdminController', true)
 5 SYSTEMPATH\CodeIgniter.php(486): CodeIgniter\CodeIgniter->startController()
 6 SYSTEMPATH\CodeIgniter.php(368): CodeIgniter\CodeIgniter->handleRequest(null, Object(Config\Cache), false)
 7 FCPATH\index.php(67): CodeIgniter\CodeIgniter->run()
CRITICAL - 2024-06-15 18:43:52 --> Undefined variable $productos
in APPPATH\Views\Administracion\adminCompras.php on line 35.
 1 APPPATH\Views\Administracion\adminCompras.php(35): CodeIgniter\Debug\Exceptions->errorHandler(2, 'Undefined variable $productos', 'APPPATH\\Views\\Administracion\\adminCompras.php', 35)
 2 SYSTEMPATH\View\View.php(213): include('APPPATH\\Views\\Administracion\\adminCompras.php')
 3 SYSTEMPATH\View\View.php(216): CodeIgniter\View\View->CodeIgniter\View\{closure}()
 4 SYSTEMPATH\Common.php(1184): CodeIgniter\View\View->render('Administracion/adminCompras', [], true)
 5 APPPATH\Controllers\AdminController.php(332): view('Administracion/adminCompras')
 6 SYSTEMPATH\CodeIgniter.php(934): App\Controllers\AdminController->gestionCompras()
 7 SYSTEMPATH\CodeIgniter.php(499): CodeIgniter\CodeIgniter->runController(Object(App\Controllers\AdminController))
 8 SYSTEMPATH\CodeIgniter.php(368): CodeIgniter\CodeIgniter->handleRequest(null, Object(Config\Cache), false)
 9 FCPATH\index.php(67): CodeIgniter\CodeIgniter->run()
CRITICAL - 2024-06-15 18:57:59 --> Undefined variable $activos
in APPPATH\Views\Administracion\adminUsuarios.php on line 43.
 1 APPPATH\Views\Administracion\adminUsuarios.php(43): CodeIgniter\Debug\Exceptions->errorHandler(2, 'Undefined variable $activos', 'APPPATH\\Views\\Administracion\\adminUsuarios.php', 43)
 2 SYSTEMPATH\View\View.php(213): include('APPPATH\\Views\\Administracion\\adminUsuarios.php')
 3 SYSTEMPATH\View\View.php(216): CodeIgniter\View\View->CodeIgniter\View\{closure}()
 4 SYSTEMPATH\Common.php(1184): CodeIgniter\View\View->render('Administracion/adminUsuarios', [], true)
 5 APPPATH\Controllers\AdminController.php(36): view('Administracion/adminUsuarios', [...])
 6 SYSTEMPATH\CodeIgniter.php(934): App\Controllers\AdminController->tablaUsuarios()
 7 SYSTEMPATH\CodeIgniter.php(499): CodeIgniter\CodeIgniter->runController(Object(App\Controllers\AdminController))
 8 SYSTEMPATH\CodeIgniter.php(368): CodeIgniter\CodeIgniter->handleRequest(null, Object(Config\Cache), false)
 9 FCPATH\index.php(67): CodeIgniter\CodeIgniter->run()
CRITICAL - 2024-06-15 18:59:44 --> Undefined variable $activos
in APPPATH\Views\Administracion\adminUsuarios.php on line 44.
 1 APPPATH\Views\Administracion\adminUsuarios.php(44): CodeIgniter\Debug\Exceptions->errorHandler(2, 'Undefined variable $activos', 'APPPATH\\Views\\Administracion\\adminUsuarios.php', 44)
 2 SYSTEMPATH\View\View.php(213): include('APPPATH\\Views\\Administracion\\adminUsuarios.php')
 3 SYSTEMPATH\View\View.php(216): CodeIgniter\View\View->CodeIgniter\View\{closure}()
 4 SYSTEMPATH\Common.php(1184): CodeIgniter\View\View->render('Administracion/adminUsuarios', [], true)
 5 APPPATH\Controllers\AdminController.php(36): view('Administracion/adminUsuarios', [...])
 6 SYSTEMPATH\CodeIgniter.php(934): App\Controllers\AdminController->tablaUsuarios()
 7 SYSTEMPATH\CodeIgniter.php(499): CodeIgniter\CodeIgniter->runController(Object(App\Controllers\AdminController))
 8 SYSTEMPATH\CodeIgniter.php(368): CodeIgniter\CodeIgniter->handleRequest(null, Object(Config\Cache), false)
 9 FCPATH\index.php(67): CodeIgniter\CodeIgniter->run()
CRITICAL - 2024-06-15 19:02:56 --> Call to undefined method App\Models\UsuariosModel::paginarUsuarios
in SYSTEMPATH\Model.php on line 842.
 1 APPPATH\Controllers\AdminController.php(37): CodeIgniter\Model->__call('paginarUsuarios', [...])
 2 SYSTEMPATH\CodeIgniter.php(934): App\Controllers\AdminController->tablaUsuarios()
 3 SYSTEMPATH\CodeIgniter.php(499): CodeIgniter\CodeIgniter->runController(Object(App\Controllers\AdminController))
 4 SYSTEMPATH\CodeIgniter.php(368): CodeIgniter\CodeIgniter->handleRequest(null, Object(Config\Cache), false)
 5 FCPATH\index.php(67): CodeIgniter\CodeIgniter->run()
CRITICAL - 2024-06-15 19:13:17 --> Undefined variable $opcion
in APPPATH\Views\Administracion\adminUsuarios.php on line 30.
 1 APPPATH\Views\Administracion\adminUsuarios.php(30): CodeIgniter\Debug\Exceptions->errorHandler(2, 'Undefined variable $opcion', 'APPPATH\\Views\\Administracion\\adminUsuarios.php', 30)
 2 SYSTEMPATH\View\View.php(213): include('APPPATH\\Views\\Administracion\\adminUsuarios.php')
 3 SYSTEMPATH\View\View.php(216): CodeIgniter\View\View->CodeIgniter\View\{closure}()
 4 SYSTEMPATH\Common.php(1184): CodeIgniter\View\View->render('Administracion/adminUsuarios', [], true)
 5 APPPATH\Controllers\AdminController.php(59): view('Administracion/adminUsuarios')
 6 SYSTEMPATH\CodeIgniter.php(934): App\Controllers\AdminController->bajaUsuario('6')
 7 SYSTEMPATH\CodeIgniter.php(499): CodeIgniter\CodeIgniter->runController(Object(App\Controllers\AdminController))
 8 SYSTEMPATH\CodeIgniter.php(368): CodeIgniter\CodeIgniter->handleRequest(null, Object(Config\Cache), false)
 9 FCPATH\index.php(67): CodeIgniter\CodeIgniter->run()
CRITICAL - 2024-06-15 19:15:17 --> Undefined variable $opcion
in APPPATH\Views\Administracion\adminUsuarios.php on line 30.
 1 APPPATH\Views\Administracion\adminUsuarios.php(30): CodeIgniter\Debug\Exceptions->errorHandler(2, 'Undefined variable $opcion', 'APPPATH\\Views\\Administracion\\adminUsuarios.php', 30)
 2 SYSTEMPATH\View\View.php(213): include('APPPATH\\Views\\Administracion\\adminUsuarios.php')
 3 SYSTEMPATH\View\View.php(216): CodeIgniter\View\View->CodeIgniter\View\{closure}()
 4 SYSTEMPATH\Common.php(1184): CodeIgniter\View\View->render('Administracion/adminUsuarios', [], true)
 5 APPPATH\Controllers\AdminController.php(63): view('Administracion/adminUsuarios')
 6 SYSTEMPATH\CodeIgniter.php(934): App\Controllers\AdminController->bajaUsuario('6')
 7 SYSTEMPATH\CodeIgniter.php(499): CodeIgniter\CodeIgniter->runController(Object(App\Controllers\AdminController))
 8 SYSTEMPATH\CodeIgniter.php(368): CodeIgniter\CodeIgniter->handleRequest(null, Object(Config\Cache), false)
 9 FCPATH\index.php(67): CodeIgniter\CodeIgniter->run()
CRITICAL - 2024-06-15 19:51:09 --> Can't use function return value in write context
in APPPATH\Views\Administracion\adminUsuarios.php on line 33.
 1 [internal function]: CodeIgniter\Debug\Exceptions->shutdownHandler()
CRITICAL - 2024-06-15 19:56:11 --> syntax error, unexpected end of file
in APPPATH\Views\Administracion\adminUsuarios.php on line 84.
 1 SYSTEMPATH\View\View.php(216): CodeIgniter\View\View->CodeIgniter\View\{closure}()
 2 SYSTEMPATH\Common.php(1184): CodeIgniter\View\View->render('Administracion/adminUsuarios', [], true)
 3 APPPATH\Controllers\AdminController.php(67): view('Administracion/adminUsuarios', [...])
 4 SYSTEMPATH\CodeIgniter.php(934): App\Controllers\AdminController->tablaUsuarios()
 5 SYSTEMPATH\CodeIgniter.php(499): CodeIgniter\CodeIgniter->runController(Object(App\Controllers\AdminController))
 6 SYSTEMPATH\CodeIgniter.php(368): CodeIgniter\CodeIgniter->handleRequest(null, Object(Config\Cache), false)
 7 FCPATH\index.php(67): CodeIgniter\CodeIgniter->run()
CRITICAL - 2024-06-15 19:56:50 --> Undefined variable $No hay usuarios inactivos.
in APPPATH\Views\Administracion\adminUsuarios.php on line 35.
 1 APPPATH\Views\Administracion\adminUsuarios.php(35): CodeIgniter\Debug\Exceptions->errorHandler(2, 'Undefined variable $No hay usuarios inactivos.', 'APPPATH\\Views\\Administracion\\adminUsuarios.php', 35)
 2 SYSTEMPATH\View\View.php(213): include('APPPATH\\Views\\Administracion\\adminUsuarios.php')
 3 SYSTEMPATH\View\View.php(216): CodeIgniter\View\View->CodeIgniter\View\{closure}()
 4 SYSTEMPATH\Common.php(1184): CodeIgniter\View\View->render('Administracion/adminUsuarios', [], true)
 5 APPPATH\Controllers\AdminController.php(67): view('Administracion/adminUsuarios', [...])
 6 SYSTEMPATH\CodeIgniter.php(934): App\Controllers\AdminController->tablaUsuarios()
 7 SYSTEMPATH\CodeIgniter.php(499): CodeIgniter\CodeIgniter->runController(Object(App\Controllers\AdminController))
 8 SYSTEMPATH\CodeIgniter.php(368): CodeIgniter\CodeIgniter->handleRequest(null, Object(Config\Cache), false)
 9 FCPATH\index.php(67): CodeIgniter\CodeIgniter->run()
CRITICAL - 2024-06-15 19:56:54 --> Undefined variable $No hay usuarios inactivos.
in APPPATH\Views\Administracion\adminUsuarios.php on line 35.
 1 APPPATH\Views\Administracion\adminUsuarios.php(35): CodeIgniter\Debug\Exceptions->errorHandler(2, 'Undefined variable $No hay usuarios inactivos.', 'APPPATH\\Views\\Administracion\\adminUsuarios.php', 35)
 2 SYSTEMPATH\View\View.php(213): include('APPPATH\\Views\\Administracion\\adminUsuarios.php')
 3 SYSTEMPATH\View\View.php(216): CodeIgniter\View\View->CodeIgniter\View\{closure}()
 4 SYSTEMPATH\Common.php(1184): CodeIgniter\View\View->render('Administracion/adminUsuarios', [], true)
 5 APPPATH\Controllers\AdminController.php(67): view('Administracion/adminUsuarios', [...])
 6 SYSTEMPATH\CodeIgniter.php(934): App\Controllers\AdminController->tablaUsuarios()
 7 SYSTEMPATH\CodeIgniter.php(499): CodeIgniter\CodeIgniter->runController(Object(App\Controllers\AdminController))
 8 SYSTEMPATH\CodeIgniter.php(368): CodeIgniter\CodeIgniter->handleRequest(null, Object(Config\Cache), false)
 9 FCPATH\index.php(67): CodeIgniter\CodeIgniter->run()
CRITICAL - 2024-06-15 20:40:25 --> Undefined variable $baja
in APPPATH\Views\Administracion\adminUsuarios.php on line 63.
 1 APPPATH\Views\Administracion\adminUsuarios.php(63): CodeIgniter\Debug\Exceptions->errorHandler(2, 'Undefined variable $baja', 'APPPATH\\Views\\Administracion\\adminUsuarios.php', 63)
 2 SYSTEMPATH\View\View.php(213): include('APPPATH\\Views\\Administracion\\adminUsuarios.php')
 3 SYSTEMPATH\View\View.php(216): CodeIgniter\View\View->CodeIgniter\View\{closure}()
 4 SYSTEMPATH\Common.php(1184): CodeIgniter\View\View->render('Administracion/adminUsuarios', [], true)
 5 APPPATH\Controllers\AdminController.php(66): view('Administracion/adminUsuarios', [...])
 6 SYSTEMPATH\CodeIgniter.php(934): App\Controllers\AdminController->tablaUsuarios()
 7 SYSTEMPATH\CodeIgniter.php(499): CodeIgniter\CodeIgniter->runController(Object(App\Controllers\AdminController))
 8 SYSTEMPATH\CodeIgniter.php(368): CodeIgniter\CodeIgniter->handleRequest(null, Object(Config\Cache), false)
 9 FCPATH\index.php(67): CodeIgniter\CodeIgniter->run()
CRITICAL - 2024-06-15 20:40:26 --> Undefined variable $baja
in APPPATH\Views\Administracion\adminUsuarios.php on line 63.
 1 APPPATH\Views\Administracion\adminUsuarios.php(63): CodeIgniter\Debug\Exceptions->errorHandler(2, 'Undefined variable $baja', 'APPPATH\\Views\\Administracion\\adminUsuarios.php', 63)
 2 SYSTEMPATH\View\View.php(213): include('APPPATH\\Views\\Administracion\\adminUsuarios.php')
 3 SYSTEMPATH\View\View.php(216): CodeIgniter\View\View->CodeIgniter\View\{closure}()
 4 SYSTEMPATH\Common.php(1184): CodeIgniter\View\View->render('Administracion/adminUsuarios', [], true)
 5 APPPATH\Controllers\AdminController.php(66): view('Administracion/adminUsuarios', [...])
 6 SYSTEMPATH\CodeIgniter.php(934): App\Controllers\AdminController->tablaUsuarios()
 7 SYSTEMPATH\CodeIgniter.php(499): CodeIgniter\CodeIgniter->runController(Object(App\Controllers\AdminController))
 8 SYSTEMPATH\CodeIgniter.php(368): CodeIgniter\CodeIgniter->handleRequest(null, Object(Config\Cache), false)
 9 FCPATH\index.php(67): CodeIgniter\CodeIgniter->run()
CRITICAL - 2024-06-15 20:40:27 --> Undefined variable $baja
in APPPATH\Views\Administracion\adminUsuarios.php on line 63.
 1 APPPATH\Views\Administracion\adminUsuarios.php(63): CodeIgniter\Debug\Exceptions->errorHandler(2, 'Undefined variable $baja', 'APPPATH\\Views\\Administracion\\adminUsuarios.php', 63)
 2 SYSTEMPATH\View\View.php(213): include('APPPATH\\Views\\Administracion\\adminUsuarios.php')
 3 SYSTEMPATH\View\View.php(216): CodeIgniter\View\View->CodeIgniter\View\{closure}()
 4 SYSTEMPATH\Common.php(1184): CodeIgniter\View\View->render('Administracion/adminUsuarios', [], true)
 5 APPPATH\Controllers\AdminController.php(66): view('Administracion/adminUsuarios', [...])
 6 SYSTEMPATH\CodeIgniter.php(934): App\Controllers\AdminController->tablaUsuarios()
 7 SYSTEMPATH\CodeIgniter.php(499): CodeIgniter\CodeIgniter->runController(Object(App\Controllers\AdminController))
 8 SYSTEMPATH\CodeIgniter.php(368): CodeIgniter\CodeIgniter->handleRequest(null, Object(Config\Cache), false)
 9 FCPATH\index.php(67): CodeIgniter\CodeIgniter->run()
CRITICAL - 2024-06-15 20:40:43 --> Undefined variable $baja
in APPPATH\Views\Administracion\adminUsuarios.php on line 62.
 1 APPPATH\Views\Administracion\adminUsuarios.php(62): CodeIgniter\Debug\Exceptions->errorHandler(2, 'Undefined variable $baja', 'APPPATH\\Views\\Administracion\\adminUsuarios.php', 62)
 2 SYSTEMPATH\View\View.php(213): include('APPPATH\\Views\\Administracion\\adminUsuarios.php')
 3 SYSTEMPATH\View\View.php(216): CodeIgniter\View\View->CodeIgniter\View\{closure}()
 4 SYSTEMPATH\Common.php(1184): CodeIgniter\View\View->render('Administracion/adminUsuarios', [], true)
 5 APPPATH\Controllers\AdminController.php(66): view('Administracion/adminUsuarios', [...])
 6 SYSTEMPATH\CodeIgniter.php(934): App\Controllers\AdminController->tablaUsuarios()
 7 SYSTEMPATH\CodeIgniter.php(499): CodeIgniter\CodeIgniter->runController(Object(App\Controllers\AdminController))
 8 SYSTEMPATH\CodeIgniter.php(368): CodeIgniter\CodeIgniter->handleRequest(null, Object(Config\Cache), false)
 9 FCPATH\index.php(67): CodeIgniter\CodeIgniter->run()
CRITICAL - 2024-06-15 20:40:50 --> Undefined variable $baja
in APPPATH\Views\Administracion\adminUsuarios.php on line 62.
 1 APPPATH\Views\Administracion\adminUsuarios.php(62): CodeIgniter\Debug\Exceptions->errorHandler(2, 'Undefined variable $baja', 'APPPATH\\Views\\Administracion\\adminUsuarios.php', 62)
 2 SYSTEMPATH\View\View.php(213): include('APPPATH\\Views\\Administracion\\adminUsuarios.php')
 3 SYSTEMPATH\View\View.php(216): CodeIgniter\View\View->CodeIgniter\View\{closure}()
 4 SYSTEMPATH\Common.php(1184): CodeIgniter\View\View->render('Administracion/adminUsuarios', [], true)
 5 APPPATH\Controllers\AdminController.php(66): view('Administracion/adminUsuarios', [...])
 6 SYSTEMPATH\CodeIgniter.php(934): App\Controllers\AdminController->tablaUsuarios()
 7 SYSTEMPATH\CodeIgniter.php(499): CodeIgniter\CodeIgniter->runController(Object(App\Controllers\AdminController))
 8 SYSTEMPATH\CodeIgniter.php(368): CodeIgniter\CodeIgniter->handleRequest(null, Object(Config\Cache), false)
 9 FCPATH\index.php(67): CodeIgniter\CodeIgniter->run()
CRITICAL - 2024-06-15 21:44:17 --> Call to undefined method App\Models\ProductosModel::paginarUsuarios
in SYSTEMPATH\Model.php on line 842.
 1 APPPATH\Controllers\AdminController.php(124): CodeIgniter\Model->__call('paginarUsuarios', [...])
 2 SYSTEMPATH\CodeIgniter.php(934): App\Controllers\AdminController->tablaProductos()
 3 SYSTEMPATH\CodeIgniter.php(499): CodeIgniter\CodeIgniter->runController(Object(App\Controllers\AdminController))
 4 SYSTEMPATH\CodeIgniter.php(368): CodeIgniter\CodeIgniter->handleRequest(null, Object(Config\Cache), false)
 5 FCPATH\index.php(67): CodeIgniter\CodeIgniter->run()
CRITICAL - 2024-06-15 21:47:18 --> Undefined variable $activos
in APPPATH\Views\Administracion\adminProductos.php on line 53.
 1 APPPATH\Views\Administracion\adminProductos.php(53): CodeIgniter\Debug\Exceptions->errorHandler(2, 'Undefined variable $activos', 'APPPATH\\Views\\Administracion\\adminProductos.php', 53)
 2 SYSTEMPATH\View\View.php(213): include('APPPATH\\Views\\Administracion\\adminProductos.php')
 3 SYSTEMPATH\View\View.php(216): CodeIgniter\View\View->CodeIgniter\View\{closure}()
 4 SYSTEMPATH\Common.php(1184): CodeIgniter\View\View->render('Administracion/adminProductos', [], true)
 5 APPPATH\Controllers\AdminController.php(139): view('Administracion/adminProductos', [...])
 6 SYSTEMPATH\CodeIgniter.php(934): App\Controllers\AdminController->tablaProductos()
 7 SYSTEMPATH\CodeIgniter.php(499): CodeIgniter\CodeIgniter->runController(Object(App\Controllers\AdminController))
 8 SYSTEMPATH\CodeIgniter.php(368): CodeIgniter\CodeIgniter->handleRequest(null, Object(Config\Cache), false)
 9 FCPATH\index.php(67): CodeIgniter\CodeIgniter->run()
CRITICAL - 2024-06-15 21:50:23 --> Undefined variable $baja
in APPPATH\Views\Administracion\adminProductos.php on line 67.
 1 APPPATH\Views\Administracion\adminProductos.php(67): CodeIgniter\Debug\Exceptions->errorHandler(2, 'Undefined variable $baja', 'APPPATH\\Views\\Administracion\\adminProductos.php', 67)
 2 SYSTEMPATH\View\View.php(213): include('APPPATH\\Views\\Administracion\\adminProductos.php')
 3 SYSTEMPATH\View\View.php(216): CodeIgniter\View\View->CodeIgniter\View\{closure}()
 4 SYSTEMPATH\Common.php(1184): CodeIgniter\View\View->render('Administracion/adminProductos', [], true)
 5 APPPATH\Controllers\AdminController.php(139): view('Administracion/adminProductos', [...])
 6 SYSTEMPATH\CodeIgniter.php(934): App\Controllers\AdminController->tablaProductos()
 7 SYSTEMPATH\CodeIgniter.php(499): CodeIgniter\CodeIgniter->runController(Object(App\Controllers\AdminController))
 8 SYSTEMPATH\CodeIgniter.php(368): CodeIgniter\CodeIgniter->handleRequest(null, Object(Config\Cache), false)
 9 FCPATH\index.php(67): CodeIgniter\CodeIgniter->run()
